1
1 1 1 1 1 1 1 1 1 1 1 1 1 1 1 1 1 1 1 1 
3 3 2 2 2 2 2 2 2 2 2 2 2 2 2 2 2 2 2 2 
0 4 3 3 3 3 3 3 3 3 3 3 3 3 3 3 3 3 3 3 
0 6 5 5 4 4 4 4 4 4 4 4 4 4 4 4 4 4 4 4 
1 7 6 6 5 5 5 5 5 5 5 5 5 5 5 5 5 5 5 5 
7 8 7 7 7 7 6 6 6 6 6 6 6 6 6 6 6 6 6 6 
0 9 8 8 8 8 8 7 7 7 7 7 7 7 7 7 7 7 7 7 
0 11 9 9 9 9 9 9 8 8 8 8 8 8 8 8 8 8 8 8 
1 12 10 10 10 10 10 10 9 9 9 9 9 9 9 9 9 9 9 9 
11 13 12 11 11 11 11 11 11 11 10 10 10 10 10 10 10 10 10 10 
0 14 13 12 12 12 12 12 12 12 12 11 11 11 11 11 11 11 11 11 
0 15 14 13 13 13 13 13 13 13 13 13 12 12 12 12 12 12 12 12 
1 16 15 14 14 14 14 14 14 14 14 14 14 13 13 13 13 13 13 13 
15 17 16 15 15 15 15 15 15 15 15 15 15 15 14 14 14 14 14 14 
0 18 17 16 16 16 16 16 16 16 16 16 16 16 16 15 15 15 15 15 
0 20 18 18 17 17 17 17 17 17 17 17 17 17 17 17 16 16 16 16 
1 21 19 19 18 18 18 18 18 18 18 18 18 18 18 18 17 17 17 17 
19 22 20 20 19 19 19 19 19 19 19 19 19 19 19 19 19 19 18 18 
0 23 21 21 20 20 20 20 20 20 20 20 20 20 20 20 20 20 19 19 
0 24 22 22 21 21 21 21 21 21 21 21 21 21 21 21 21 21 21 21 
