6.0
26.0
204.0
870.0
2546.0
5946.0
11976.0
21734.0
36510.0
57786.0
87236.0
126726.0
178314.0
244250.0
326976.0
429126.0
553526.0
703194.0
881340.0
1091366.0
1336866.0
1621626.0
1949624.0
2325030.0
2752206.0
3235706.0
3780276.0
4390854.0
5072570.0
5830746.0
6670896.0
7598726.0
8620134.0
9741210.0
10968236.0
12307686.0
13766226.0
15350714.0
17068200.0
18925926.0
20931326.0
23092026.0
25415844.0
27910790.0
30585066.0
33447066.0
36505376.0
39768774.0
43246230.0
46946906.0
50880156.0
55055526.0
59482754.0
64171770.0
69132696.0
74375846.0
79911726.0
85751034.0
91904660.0
98383686.0
105199386.0
112363226.0
119886864.0
127782150.0
136061126.0
144736026.0
153819276.0
163323494.0
173261490.0
183646266.0
194491016.0
205809126.0
217614174.0
229919930.0
242740356.0
256089606.0
269982026.0
284432154.0
299454720.0
315064646.0
331277046.0
348107226.0
365570684.0
383683110.0
402460386.0
421918586.0
442073976.0
462943014.0
484542350.0
506888826.0
529999476.0
553891526.0
578582394.0
604089690.0
630431216.0
657624966.0
685689126.0
714642074.0
744502380.0
775288806.0
807020306.0
